2021-05-30 14:28:13.893 ERROR [  restartedMain] [o.s.b.SpringApplication] reportFailure (871): Application run failed
java.lang.IllegalStateException: java.lang.IllegalStateException: Logback configuration error detected: 
ERROR in ch.qos.logback.core.joran.action.AppenderAction - Could not create an Appender of type [ca.pjer.logback.AwsLogsAppender]. ch.qos.logback.core.util.DynamicClassLoadingException: Failed to instantiate type ca.pjer.logback.AwsLogsAppender
ERROR in ch.qos.logback.core.joran.spi.Interpreter@40:70 - ActionException in Action for tag [appender] ch.qos.logback.core.joran.spi.ActionException: ch.qos.logback.core.util.DynamicClassLoadingException: Failed to instantiate type ca.pjer.logback.AwsLogsAppender
ERROR in ch.qos.logback.core.joran.action.AppenderRefAction - Could not find an appender named [aws_log]. Did you define it below instead of above in the configuration file?
ERROR in ch.qos.logback.core.joran.action.AppenderRefAction - See http://logback.qos.ch/codes.html#appender_order for more details.
	at org.springframework.boot.context.logging.LoggingApplicationListener.initializeSystem(LoggingApplicationListener.java:327)
	at org.springframework.boot.context.logging.LoggingApplicationListener.initialize(LoggingApplicationListener.java:281)
	at org.springframework.boot.context.logging.LoggingApplicationListener.onApplicationEnvironmentPreparedEvent(LoggingApplicationListener.java:239)
	at org.springframework.boot.context.logging.LoggingApplicationListener.onApplicationEvent(LoggingApplicationListener.java:216)
	at org.springframework.context.event.SimpleApplicationEventMulticaster.doInvokeListener(SimpleApplicationEventMulticaster.java:176)
	at org.springframework.context.event.SimpleApplicationEventMulticaster.invokeListener(SimpleApplicationEventMulticaster.java:169)
	at org.springframework.context.event.SimpleApplicationEventMulticaster.multicastEvent(SimpleApplicationEventMulticaster.java:143)
	at org.springframework.context.event.SimpleApplicationEventMulticaster.multicastEvent(SimpleApplicationEventMulticaster.java:131)
	at org.springframework.boot.context.event.EventPublishingRunListener.environmentPrepared(EventPublishingRunListener.java:82)
	at org.springframework.boot.SpringApplicationRunListeners.lambda$environmentPrepared$2(SpringApplicationRunListeners.java:63)
	at java.util.ArrayList.forEach(ArrayList.java:1259)
	at org.springframework.boot.SpringApplicationRunListeners.doWithListeners(SpringApplicationRunListeners.java:117)
	at org.springframework.boot.SpringApplicationRunListeners.doWithListeners(SpringApplicationRunListeners.java:111)
	at org.springframework.boot.SpringApplicationRunListeners.environmentPrepared(SpringApplicationRunListeners.java:62)
	at org.springframework.boot.SpringApplication.prepareEnvironment(SpringApplication.java:375)
	at org.springframework.boot.SpringApplication.run(SpringApplication.java:333)
	at org.springframework.boot.SpringApplication.run(SpringApplication.java:1340)
	at org.springframework.boot.SpringApplication.run(SpringApplication.java:1329)
	at com.logging.LoggingApplication.main(LoggingApplication.java:12)
	at sun.reflect.NativeMethodAccessorImpl.invoke0(Native Method)
	at sun.reflect.NativeMethodAccessorImpl.invoke(NativeMethodAccessorImpl.java:62)
	at sun.reflect.DelegatingMethodAccessorImpl.invoke(DelegatingMethodAccessorImpl.java:43)
	at java.lang.reflect.Method.invoke(Method.java:498)
	at org.springframework.boot.devtools.restart.RestartLauncher.run(RestartLauncher.java:49)
Caused by: java.lang.IllegalStateException: Logback configuration error detected: 
ERROR in ch.qos.logback.core.joran.action.AppenderAction - Could not create an Appender of type [ca.pjer.logback.AwsLogsAppender]. ch.qos.logback.core.util.DynamicClassLoadingException: Failed to instantiate type ca.pjer.logback.AwsLogsAppender
ERROR in ch.qos.logback.core.joran.spi.Interpreter@40:70 - ActionException in Action for tag [appender] ch.qos.logback.core.joran.spi.ActionException: ch.qos.logback.core.util.DynamicClassLoadingException: Failed to instantiate type ca.pjer.logback.AwsLogsAppender
ERROR in ch.qos.logback.core.joran.action.AppenderRefAction - Could not find an appender named [aws_log]. Did you define it below instead of above in the configuration file?
ERROR in ch.qos.logback.core.joran.action.AppenderRefAction - See http://logback.qos.ch/codes.html#appender_order for more details.
	at org.springframework.boot.logging.logback.LogbackLoggingSystem.loadConfiguration(LogbackLoggingSystem.java:179)
	at org.springframework.boot.logging.AbstractLoggingSystem.initializeWithConventions(AbstractLoggingSystem.java:80)
	at org.springframework.boot.logging.AbstractLoggingSystem.initialize(AbstractLoggingSystem.java:60)
	at org.springframework.boot.logging.logback.LogbackLoggingSystem.initialize(LogbackLoggingSystem.java:132)
	at org.springframework.boot.context.logging.LoggingApplicationListener.initializeSystem(LoggingApplicationListener.java:312)
	... 23 common frames omitted
2021-05-30 14:29:14.048 ERROR [  restartedMain] [o.s.b.SpringApplication] reportFailure (871): Application run failed
java.lang.IllegalStateException: java.lang.IllegalStateException: Logback configuration error detected: 
ERROR in ch.qos.logback.core.joran.action.AppenderAction - Could not create an Appender of type [ca.pjer.logback.AwsLogsAppender]. ch.qos.logback.core.util.DynamicClassLoadingException: Failed to instantiate type ca.pjer.logback.AwsLogsAppender
ERROR in ch.qos.logback.core.joran.spi.Interpreter@40:70 - ActionException in Action for tag [appender] ch.qos.logback.core.joran.spi.ActionException: ch.qos.logback.core.util.DynamicClassLoadingException: Failed to instantiate type ca.pjer.logback.AwsLogsAppender
ERROR in ch.qos.logback.core.joran.action.AppenderRefAction - Could not find an appender named [aws_log]. Did you define it below instead of above in the configuration file?
ERROR in ch.qos.logback.core.joran.action.AppenderRefAction - See http://logback.qos.ch/codes.html#appender_order for more details.
	at org.springframework.boot.context.logging.LoggingApplicationListener.initializeSystem(LoggingApplicationListener.java:327)
	at org.springframework.boot.context.logging.LoggingApplicationListener.initialize(LoggingApplicationListener.java:281)
	at org.springframework.boot.context.logging.LoggingApplicationListener.onApplicationEnvironmentPreparedEvent(LoggingApplicationListener.java:239)
	at org.springframework.boot.context.logging.LoggingApplicationListener.onApplicationEvent(LoggingApplicationListener.java:216)
	at org.springframework.context.event.SimpleApplicationEventMulticaster.doInvokeListener(SimpleApplicationEventMulticaster.java:176)
	at org.springframework.context.event.SimpleApplicationEventMulticaster.invokeListener(SimpleApplicationEventMulticaster.java:169)
	at org.springframework.context.event.SimpleApplicationEventMulticaster.multicastEvent(SimpleApplicationEventMulticaster.java:143)
	at org.springframework.context.event.SimpleApplicationEventMulticaster.multicastEvent(SimpleApplicationEventMulticaster.java:131)
	at org.springframework.boot.context.event.EventPublishingRunListener.environmentPrepared(EventPublishingRunListener.java:82)
	at org.springframework.boot.SpringApplicationRunListeners.lambda$environmentPrepared$2(SpringApplicationRunListeners.java:63)
	at java.util.ArrayList.forEach(ArrayList.java:1259)
	at org.springframework.boot.SpringApplicationRunListeners.doWithListeners(SpringApplicationRunListeners.java:117)
	at org.springframework.boot.SpringApplicationRunListeners.doWithListeners(SpringApplicationRunListeners.java:111)
	at org.springframework.boot.SpringApplicationRunListeners.environmentPrepared(SpringApplicationRunListeners.java:62)
	at org.springframework.boot.SpringApplication.prepareEnvironment(SpringApplication.java:375)
	at org.springframework.boot.SpringApplication.run(SpringApplication.java:333)
	at org.springframework.boot.SpringApplication.run(SpringApplication.java:1340)
	at org.springframework.boot.SpringApplication.run(SpringApplication.java:1329)
	at com.logging.LoggingApplication.main(LoggingApplication.java:12)
	at sun.reflect.NativeMethodAccessorImpl.invoke0(Native Method)
	at sun.reflect.NativeMethodAccessorImpl.invoke(NativeMethodAccessorImpl.java:62)
	at sun.reflect.DelegatingMethodAccessorImpl.invoke(DelegatingMethodAccessorImpl.java:43)
	at java.lang.reflect.Method.invoke(Method.java:498)
	at org.springframework.boot.devtools.restart.RestartLauncher.run(RestartLauncher.java:49)
Caused by: java.lang.IllegalStateException: Logback configuration error detected: 
ERROR in ch.qos.logback.core.joran.action.AppenderAction - Could not create an Appender of type [ca.pjer.logback.AwsLogsAppender]. ch.qos.logback.core.util.DynamicClassLoadingException: Failed to instantiate type ca.pjer.logback.AwsLogsAppender
ERROR in ch.qos.logback.core.joran.spi.Interpreter@40:70 - ActionException in Action for tag [appender] ch.qos.logback.core.joran.spi.ActionException: ch.qos.logback.core.util.DynamicClassLoadingException: Failed to instantiate type ca.pjer.logback.AwsLogsAppender
ERROR in ch.qos.logback.core.joran.action.AppenderRefAction - Could not find an appender named [aws_log]. Did you define it below instead of above in the configuration file?
ERROR in ch.qos.logback.core.joran.action.AppenderRefAction - See http://logback.qos.ch/codes.html#appender_order for more details.
	at org.springframework.boot.logging.logback.LogbackLoggingSystem.loadConfiguration(LogbackLoggingSystem.java:179)
	at org.springframework.boot.logging.AbstractLoggingSystem.initializeWithConventions(AbstractLoggingSystem.java:80)
	at org.springframework.boot.logging.AbstractLoggingSystem.initialize(AbstractLoggingSystem.java:60)
	at org.springframework.boot.logging.logback.LogbackLoggingSystem.initialize(LogbackLoggingSystem.java:132)
	at org.springframework.boot.context.logging.LoggingApplicationListener.initializeSystem(LoggingApplicationListener.java:312)
	... 23 common frames omitted
2021-05-30 14:31:02.690 ERROR [  restartedMain] [o.s.b.SpringApplication] reportFailure (871): Application run failed
java.lang.IllegalStateException: java.lang.IllegalStateException: Logback configuration error detected: 
ERROR in ch.qos.logback.core.joran.action.AppenderAction - Could not create an Appender of type [ca.pjer.logback.AwsLogsAppender]. ch.qos.logback.core.util.DynamicClassLoadingException: Failed to instantiate type ca.pjer.logback.AwsLogsAppender
ERROR in ch.qos.logback.core.joran.spi.Interpreter@40:70 - ActionException in Action for tag [appender] ch.qos.logback.core.joran.spi.ActionException: ch.qos.logback.core.util.DynamicClassLoadingException: Failed to instantiate type ca.pjer.logback.AwsLogsAppender
ERROR in ch.qos.logback.core.joran.action.AppenderRefAction - Could not find an appender named [aws_log]. Did you define it below instead of above in the configuration file?
ERROR in ch.qos.logback.core.joran.action.AppenderRefAction - See http://logback.qos.ch/codes.html#appender_order for more details.
	at org.springframework.boot.context.logging.LoggingApplicationListener.initializeSystem(LoggingApplicationListener.java:327)
	at org.springframework.boot.context.logging.LoggingApplicationListener.initialize(LoggingApplicationListener.java:281)
	at org.springframework.boot.context.logging.LoggingApplicationListener.onApplicationEnvironmentPreparedEvent(LoggingApplicationListener.java:239)
	at org.springframework.boot.context.logging.LoggingApplicationListener.onApplicationEvent(LoggingApplicationListener.java:216)
	at org.springframework.context.event.SimpleApplicationEventMulticaster.doInvokeListener(SimpleApplicationEventMulticaster.java:176)
	at org.springframework.context.event.SimpleApplicationEventMulticaster.invokeListener(SimpleApplicationEventMulticaster.java:169)
	at org.springframework.context.event.SimpleApplicationEventMulticaster.multicastEvent(SimpleApplicationEventMulticaster.java:143)
	at org.springframework.context.event.SimpleApplicationEventMulticaster.multicastEvent(SimpleApplicationEventMulticaster.java:131)
	at org.springframework.boot.context.event.EventPublishingRunListener.environmentPrepared(EventPublishingRunListener.java:82)
	at org.springframework.boot.SpringApplicationRunListeners.lambda$environmentPrepared$2(SpringApplicationRunListeners.java:63)
	at java.util.ArrayList.forEach(ArrayList.java:1259)
	at org.springframework.boot.SpringApplicationRunListeners.doWithListeners(SpringApplicationRunListeners.java:117)
	at org.springframework.boot.SpringApplicationRunListeners.doWithListeners(SpringApplicationRunListeners.java:111)
	at org.springframework.boot.SpringApplicationRunListeners.environmentPrepared(SpringApplicationRunListeners.java:62)
	at org.springframework.boot.SpringApplication.prepareEnvironment(SpringApplication.java:375)
	at org.springframework.boot.SpringApplication.run(SpringApplication.java:333)
	at org.springframework.boot.SpringApplication.run(SpringApplication.java:1340)
	at org.springframework.boot.SpringApplication.run(SpringApplication.java:1329)
	at com.logging.LoggingApplication.main(LoggingApplication.java:12)
	at sun.reflect.NativeMethodAccessorImpl.invoke0(Native Method)
	at sun.reflect.NativeMethodAccessorImpl.invoke(NativeMethodAccessorImpl.java:62)
	at sun.reflect.DelegatingMethodAccessorImpl.invoke(DelegatingMethodAccessorImpl.java:43)
	at java.lang.reflect.Method.invoke(Method.java:498)
	at org.springframework.boot.devtools.restart.RestartLauncher.run(RestartLauncher.java:49)
Caused by: java.lang.IllegalStateException: Logback configuration error detected: 
ERROR in ch.qos.logback.core.joran.action.AppenderAction - Could not create an Appender of type [ca.pjer.logback.AwsLogsAppender]. ch.qos.logback.core.util.DynamicClassLoadingException: Failed to instantiate type ca.pjer.logback.AwsLogsAppender
ERROR in ch.qos.logback.core.joran.spi.Interpreter@40:70 - ActionException in Action for tag [appender] ch.qos.logback.core.joran.spi.ActionException: ch.qos.logback.core.util.DynamicClassLoadingException: Failed to instantiate type ca.pjer.logback.AwsLogsAppender
ERROR in ch.qos.logback.core.joran.action.AppenderRefAction - Could not find an appender named [aws_log]. Did you define it below instead of above in the configuration file?
ERROR in ch.qos.logback.core.joran.action.AppenderRefAction - See http://logback.qos.ch/codes.html#appender_order for more details.
	at org.springframework.boot.logging.logback.LogbackLoggingSystem.loadConfiguration(LogbackLoggingSystem.java:179)
	at org.springframework.boot.logging.AbstractLoggingSystem.initializeWithConventions(AbstractLoggingSystem.java:80)
	at org.springframework.boot.logging.AbstractLoggingSystem.initialize(AbstractLoggingSystem.java:60)
	at org.springframework.boot.logging.logback.LogbackLoggingSystem.initialize(LogbackLoggingSystem.java:132)
	at org.springframework.boot.context.logging.LoggingApplicationListener.initializeSystem(LoggingApplicationListener.java:312)
	... 23 common frames omitted
2021-05-30 14:35:59.553 INFO [  restartedMain] [c.l.LoggingApplication] logStarting (55): Starting LoggingApplication using Java 1.8.0_282 on 192.168.nate.com with PID 72517 (/Users/ep/Project/logging/build/classes/java/main started by ep in /Users/ep/Project/logging)
2021-05-30 14:35:59.556 INFO [  restartedMain] [c.l.LoggingApplication] logStartupProfileInfo (679): The following profiles are active: production
2021-05-30 14:35:59.599 INFO [  restartedMain] [o.s.b.d.e.DevToolsPropertyDefaultsPostProcessor] logTo (255): Devtools property defaults active! Set 'spring.devtools.add-properties' to 'false' to disable
2021-05-30 14:35:59.599 INFO [  restartedMain] [o.s.b.d.e.DevToolsPropertyDefaultsPostProcessor] logTo (255): For additional web related logging consider setting the 'logging.level.web' property to 'DEBUG'
2021-05-30 14:36:00.441 INFO [  restartedMain] [o.s.b.w.e.t.TomcatWebServer] initialize (108): Tomcat initialized with port(s): 8080 (http)
2021-05-30 14:36:00.448 INFO [  restartedMain] [o.a.c.h.Http11NioProtocol] log (173): Initializing ProtocolHandler ["http-nio-8080"]
2021-05-30 14:36:00.449 INFO [  restartedMain] [o.a.c.c.StandardService] log (173): Starting service [Tomcat]
2021-05-30 14:36:00.449 INFO [  restartedMain] [o.a.c.c.StandardEngine] log (173): Starting Servlet engine: [Apache Tomcat/9.0.45]
2021-05-30 14:36:00.500 INFO [  restartedMain] [o.a.c.c.C.[.[.[/]] log (173): Initializing Spring embedded WebApplicationContext
2021-05-30 14:36:00.500 INFO [  restartedMain] [o.s.b.w.s.c.ServletWebServerApplicationContext] prepareWebApplicationContext (289): Root WebApplicationContext: initialization completed in 900 ms
2021-05-30 14:36:00.638 INFO [  restartedMain] [o.s.s.c.ThreadPoolTaskExecutor] initialize (181): Initializing ExecutorService 'applicationTaskExecutor'
2021-05-30 14:36:00.794 INFO [  restartedMain] [o.s.s.c.ThreadPoolTaskScheduler] initialize (181): Initializing ExecutorService 'taskScheduler'
2021-05-30 14:36:00.828 INFO [  restartedMain] [o.s.b.d.a.OptionalLiveReloadServer] startServer (58): LiveReload server is running on port 35729
2021-05-30 14:36:00.843 INFO [  restartedMain] [o.a.c.h.Http11NioProtocol] log (173): Starting ProtocolHandler ["http-nio-8080"]
2021-05-30 14:36:00.865 INFO [  restartedMain] [o.s.b.w.e.t.TomcatWebServer] start (220): Tomcat started on port(s): 8080 (http) with context path ''
2021-05-30 14:36:00.877 INFO [  restartedMain] [c.l.LoggingApplication] logStarted (61): Started LoggingApplication in 1.791 seconds (JVM running for 2.439)
